This is pdfTeX, Version 3.14159265-2.6-1.40.21 (MiKTeX 20.11) (preloaded format=pdflatex 2020.11.3)  3 NOV 2020 21:55
entering extended mode
**./Thesis.tex
(Thesis.tex
LaTeX2e <2020-10-01> patch level 2
L3 programming layer <2020-10-27> xparse <2020-03-03>
("C:\Program Files\MiKTeX\tex/latex/base\book.cls"
Document Class: book 2020/04/10 v1.4m Standard LaTeX document class
("C:\Program Files\MiKTeX\tex/latex/base\bk11.clo"
File: bk11.clo 2020/04/10 v1.4m Standard LaTeX file (size option)
)
\c@part=\count175
\c@chapter=\count176
\c@section=\count177
\c@subsection=\count178
\c@subsubsection=\count179
\c@paragraph=\count180
\c@subparagraph=\count181
\c@figure=\count182
\c@table=\count183
\abovecaptionskip=\skip47
\belowcaptionskip=\skip48
\bibindent=\dimen138
)
("C:\Program Files\MiKTeX\tex/latex/base\inputenc.sty"
Package: inputenc 2020/08/01 v1.3d Input encoding file
\inpenc@prehook=\toks15
\inpenc@posthook=\toks16

("C:\Program Files\MiKTeX\tex/latex/base\latin1.def"
File: latin1.def 2020/08/01 v1.3d Input encoding file
))
("C:\Program Files\MiKTeX\tex/latex/base\fontenc.sty"
Package: fontenc 2020/08/10 v2.0s Standard LaTeX package
)
("C:\Program Files\MiKTeX\tex/generic/babel\babel.sty"
Package: babel 2020/10/27 3.51 The Babel package

("C:\Program Files\MiKTeX\tex/generic/babel\babel.def"
File: babel.def 2020/10/27 3.51 Babel common definitions
\babel@savecnt=\count184
\U@D=\dimen139
\l@babelnohyphens=\language79

("C:\Program Files\MiKTeX\tex/generic/babel\txtbabel.def")
\bbl@readstream=\read2
)
\bbl@dirlevel=\count185

*************************************
* Local config file bblopts.cfg used
*
("C:\Program Files\MiKTeX\tex/latex/arabi\bblopts.cfg"
File: bblopts.cfg 2005/09/08 v0.1 add Arabic and Farsi to "declared" options of
 babel
)
("C:\Program Files\MiKTeX\tex/latex/babel-german\ngerman.ldf"
Language: ngerman 2020/07/21 v2.12 German support for babel (post-1996 orthogra
phy)

("C:\Program Files\MiKTeX\tex/latex/babel-german\ngermanb.ldf"
Language: ngermanb 2020/07/21 v2.12 German support for babel (post-1996 orthogr
aphy)
Package babel Info: Making " an active character on input line 121.
)))
("C:\Program Files\MiKTeX\tex/latex/base\makeidx.sty"
Package: makeidx 2014/09/29 v1.0m Standard LaTeX package
)
("C:\Program Files\MiKTeX\tex/latex/psnfss\times.sty"
Package: times 2020/03/25 PSNFSS-v9.3 (SPQR) 
)
("C:\Program Files\MiKTeX\tex/latex/tools\longtable.sty"
Package: longtable 2020/01/07 v4.13 Multi-page Table package (DPC)
\LTleft=\skip49
\LTright=\skip50
\LTpre=\skip51
\LTpost=\skip52
\LTchunksize=\count186
\LTcapwidth=\dimen140
\LT@head=\box47
\LT@firsthead=\box48
\LT@foot=\box49
\LT@lastfoot=\box50
\LT@cols=\count187
\LT@rows=\count188
\c@LT@tables=\count189
\c@LT@chunks=\count190
\LT@p@ftn=\toks17
)
("C:\Program Files\MiKTeX\tex/latex/graphics\graphics.sty"
Package: graphics 2020/08/30 v1.4c Standard LaTeX Graphics (DPC,SPQR)

("C:\Program Files\MiKTeX\tex/latex/graphics\trig.sty"
Package: trig 2016/01/03 v1.10 sin cos tan (DPC)
)
("C:\Program Files\MiKTeX\tex/latex/graphics-cfg\graphics.cfg"
File: graphics.cfg 2016/06/04 v1.11 sample graphics configuration
)
Package graphics Info: Driver file: pdftex.def on input line 105.

("C:\Program Files\MiKTeX\tex/latex/graphics-def\pdftex.def"
File: pdftex.def 2020/10/05 v1.2a Graphics/color driver for pdftex
))
("C:\Program Files\MiKTeX\tex/latex/hyperref\hyperref.sty"
Package: hyperref 2020-05-15 v7.00e Hypertext links for LaTeX

("C:\Program Files\MiKTeX\tex/generic/ltxcmds\ltxcmds.sty"
Package: ltxcmds 2020-05-10 v1.25 LaTeX kernel commands for general use (HO)
)
("C:\Program Files\MiKTeX\tex/generic/iftex\iftex.sty"
Package: iftex 2020/03/06 v1.0d TeX engine tests
)
("C:\Program Files\MiKTeX\tex/generic/pdftexcmds\pdftexcmds.sty"
Package: pdftexcmds 2020-06-27 v0.33 Utility functions of pdfTeX for LuaTeX (HO
)

("C:\Program Files\MiKTeX\tex/generic/infwarerr\infwarerr.sty"
Package: infwarerr 2019/12/03 v1.5 Providing info/warning/error messages (HO)
)
Package pdftexcmds Info: \pdf@primitive is available.
Package pdftexcmds Info: \pdf@ifprimitive is available.
Package pdftexcmds Info: \pdfdraftmode found.
)
("C:\Program Files\MiKTeX\tex/latex/graphics\keyval.sty"
Package: keyval 2014/10/28 v1.15 key=value parser (DPC)
\KV@toks@=\toks18
)
("C:\Program Files\MiKTeX\tex/generic/kvsetkeys\kvsetkeys.sty"
Package: kvsetkeys 2019/12/15 v1.18 Key value parser (HO)
)
("C:\Program Files\MiKTeX\tex/generic/kvdefinekeys\kvdefinekeys.sty"
Package: kvdefinekeys 2019-12-19 v1.6 Define keys (HO)
)
("C:\Program Files\MiKTeX\tex/generic/pdfescape\pdfescape.sty"
Package: pdfescape 2019/12/09 v1.15 Implements pdfTeX's escape features (HO)
)
("C:\Program Files\MiKTeX\tex/latex/hycolor\hycolor.sty"
Package: hycolor 2020-01-27 v1.10 Color options for hyperref/bookmark (HO)
)
("C:\Program Files\MiKTeX\tex/latex/letltxmacro\letltxmacro.sty"
Package: letltxmacro 2019/12/03 v1.6 Let assignment for LaTeX macros (HO)
)
("C:\Program Files\MiKTeX\tex/latex/auxhook\auxhook.sty"
Package: auxhook 2019-12-17 v1.6 Hooks for auxiliary files (HO)
)
("C:\Program Files\MiKTeX\tex/latex/kvoptions\kvoptions.sty"
Package: kvoptions 2019/11/29 v3.13 Key value format for package options (HO)
)
\@linkdim=\dimen141
\Hy@linkcounter=\count191
\Hy@pagecounter=\count192

("C:\Program Files\MiKTeX\tex/latex/hyperref\pd1enc.def"
File: pd1enc.def 2020-05-15 v7.00e Hyperref: PDFDocEncoding definition (HO)
Now handling font encoding PD1 ...
... no UTF-8 mapping file for font encoding PD1
)
("C:\Program Files\MiKTeX\tex/generic/intcalc\intcalc.sty"
Package: intcalc 2019/12/15 v1.3 Expandable calculations with integers (HO)
)
("C:\Program Files\MiKTeX\tex/generic/etexcmds\etexcmds.sty"
Package: etexcmds 2019/12/15 v1.7 Avoid name clashes with e-TeX commands (HO)
)
\Hy@SavedSpaceFactor=\count193
Package hyperref Info: Hyper figures OFF on input line 4464.
Package hyperref Info: Link nesting OFF on input line 4469.
Package hyperref Info: Hyper index ON on input line 4472.
Package hyperref Info: Plain pages OFF on input line 4479.
Package hyperref Info: Backreferencing OFF on input line 4484.
Package hyperref Info: Implicit mode ON; LaTeX internals redefined.
Package hyperref Info: Bookmarks ON on input line 4717.
\c@Hy@tempcnt=\count194

("C:\Program Files\MiKTeX\tex/latex/url\url.sty"
\Urlmuskip=\muskip16
Package: url 2013/09/16  ver 3.4  Verb mode for urls, etc.
)
LaTeX Info: Redefining \url on input line 5076.
\XeTeXLinkMargin=\dimen142

("C:\Program Files\MiKTeX\tex/generic/bitset\bitset.sty"
Package: bitset 2019/12/09 v1.3 Handle bit-vector datatype (HO)

("C:\Program Files\MiKTeX\tex/generic/bigintcalc\bigintcalc.sty"
Package: bigintcalc 2019/12/15 v1.5 Expandable calculations on big integers (HO
)
))
\Fld@menulength=\count195
\Field@Width=\dimen143
\Fld@charsize=\dimen144
Package hyperref Info: Hyper figures OFF on input line 6347.
Package hyperref Info: Link nesting OFF on input line 6352.
Package hyperref Info: Hyper index ON on input line 6355.
Package hyperref Info: backreferencing OFF on input line 6362.
Package hyperref Info: Link coloring OFF on input line 6367.
Package hyperref Info: Link coloring with OCG OFF on input line 6372.
Package hyperref Info: PDF/A mode OFF on input line 6377.
LaTeX Info: Redefining \ref on input line 6417.
LaTeX Info: Redefining \pageref on input line 6421.

("C:\Program Files\MiKTeX\tex/latex/base\atbegshi-ltx.sty"
Package: atbegshi-ltx 2020/08/17 v1.0a Emulation of the original atbegshi packa
ge
with kernel methods
)
\Hy@abspage=\count196
\c@Item=\count197
\c@Hfootnote=\count198
)
Package hyperref Info: Driver (autodetected): hpdftex.

("C:\Program Files\MiKTeX\tex/latex/hyperref\hpdftex.def"
File: hpdftex.def 2020-05-15 v7.00e Hyperref driver for pdfTeX

("C:\Program Files\MiKTeX\tex/latex/base\atveryend-ltx.sty"
Package: atveryend-ltx 2020/08/19 v1.0a Emulation of the original atvery packag
e
with kernel methods
)
\Fld@listcount=\count199
\c@bookmark@seq@number=\count266

("C:\Program Files\MiKTeX\tex/latex/rerunfilecheck\rerunfilecheck.sty"
Package: rerunfilecheck 2019/12/05 v1.9 Rerun checks for auxiliary files (HO)

("C:\Program Files\MiKTeX\tex/generic/uniquecounter\uniquecounter.sty"
Package: uniquecounter 2019/12/15 v1.4 Provide unlimited unique counter (HO)
)
Package uniquecounter Info: New unique counter `rerunfilecheck' on input line 2
86.
)
\Hy@SectionHShift=\skip53
)
("C:\Program Files\MiKTeX\tex/latex/fancyvrb\fancyvrb.sty"
Package: fancyvrb 2020/05/03 v3.6 verbatim text (tvz,hv)
\FV@CodeLineNo=\count267
\FV@InFile=\read3
\FV@TabBox=\box51
\c@FancyVerbLine=\count268
\FV@StepNumber=\count269
\FV@OutFile=\write3
)
(style/abtisstud.sty
Package: style/abtisstud 
 ("C:\Program Files\MiKTeX\tex/latex/graphics\color.sty"
Package: color 2020/02/24 v1.2b Standard LaTeX Color (DPC)

("C:\Program Files\MiKTeX\tex/latex/graphics-cfg\color.cfg"
File: color.cfg 2016/01/02 v1.6 sample color configuration
)
Package color Info: Driver file: pdftex.def on input line 147.
)
("C:\Program Files\MiKTeX\tex/latex/fancyhdr\fancyhdr.sty"
Package: fancyhdr 2019/01/31 v3.10 Extensive control of page headers and footer
s
\f@nch@headwidth=\skip54
\f@nch@O@elh=\skip55
\f@nch@O@erh=\skip56
\f@nch@O@olh=\skip57
\f@nch@O@orh=\skip58
\f@nch@O@elf=\skip59
\f@nch@O@erf=\skip60
\f@nch@O@olf=\skip61
\f@nch@O@orf=\skip62
)
("C:\Program Files\MiKTeX\tex/latex/graphics\graphicx.sty"
Package: graphicx 2020/09/09 v1.2b Enhanced LaTeX Graphics (DPC,SPQR)
\Gin@req@height=\dimen145
\Gin@req@width=\dimen146
)
("C:\Program Files\MiKTeX\tex/latex/caption\caption.sty"
Package: caption 2020/10/26 v3.5g Customizing captions (AR)

("C:\Program Files\MiKTeX\tex/latex/caption\caption3.sty"
Package: caption3 2020/10/21 v2.2e caption3 kernel (AR)
\captionmargin=\dimen147
\captionmargin@=\dimen148
\captionwidth=\dimen149
\caption@tempdima=\dimen150
\caption@indent=\dimen151
\caption@parindent=\dimen152
\caption@hangindent=\dimen153
Package caption Info: Standard document class detected.
)
\c@caption@flags=\count270
\c@continuedfloat=\count271
Package caption Info: hyperref package is loaded.
Package caption Info: longtable package is loaded.

("C:\Program Files\MiKTeX\tex/latex/caption\ltcaption.sty"
Package: ltcaption 2020/05/30 v1.4b longtable captions (AR)
))
("C:\Program Files\MiKTeX\tex/latex/footmisc\footmisc.sty"
Package: footmisc 2011/06/06 v5.5b a miscellany of footnote facilities
\FN@temptoken=\toks19
\footnotemargin=\dimen154
\c@pp@next@reset=\count272
Package footmisc Info: Declaring symbol style bringhurst on input line 855.
Package footmisc Info: Declaring symbol style chicago on input line 863.
Package footmisc Info: Declaring symbol style wiley on input line 872.
Package footmisc Info: Declaring symbol style lamport-robust on input line 883.

Package footmisc Info: Declaring symbol style lamport* on input line 903.
Package footmisc Info: Declaring symbol style lamport*-robust on input line 924
.
)
("C:\Program Files\MiKTeX\tex/latex/paralist\paralist.sty"
Package: paralist 2017/01/22 v2.7 Extended list environments
\pltopsep=\skip63
\plpartopsep=\skip64
\plitemsep=\skip65
\plparsep=\skip66
\pl@lab=\toks20
))
\@indexfile=\write4
\openout4 = `Thesis.idx'.


Writing index file Thesis.idx
LaTeX Font Info:    Trying to load font information for T1+ptm on input line 33
.
("C:\Program Files\MiKTeX\tex/latex/psnfss\t1ptm.fd"
File: t1ptm.fd 2001/06/04 font definitions for T1/ptm.
)
("C:\Program Files\MiKTeX\tex/latex/l3backend\l3backend-pdftex.def"
File: l3backend-pdftex.def 2020-09-24 L3 backend support: PDF output (pdfTeX)
\l__kernel_color_stack_int=\count273
\l__pdf_internal_box=\box52
)
(Thesis.aux (content/kapitel1/0_motivation.aux)
(content/kapitel1/1_problembeschreibung.aux) (content/kapitel1/2_stand.aux)
(content/kapitel1/3_aufgabenstellung.aux)
(content/kapitel2/0_ausgangssituation.aux) (content/kapitel2/1_struktur.aux)
(content/kapitel2/2_technische_grundlagen.aux) (content/kapitel2/3_LMS.aux)
(content/kapitel2/4_studip.aux) (content/kapitel3/0_anforderungsanalyse.aux)
(content/kapitel3/1_umfrage.aux) (content/kapitel3/2_user_stories.aux)
(content/kapitel3/3_F_anforderungen.aux)
(content/kapitel3/4_NF_anforderungen.aux) (content/kapitel3/5_suchkriterien.aux
) (content/kapitel3/6_modellierung.aux)
(content/kapitel4/0_entwurf_implement.aux) (content/kapitel4/1_entscheidung.aux
) (content/kapitel4/2_entwurf.aux) (content/kapitel4/3_implementierung.aux)
(content/kapitel4/4_tests.aux) (content/kapitel4/5_ergebnisse.aux)
(content/content.aux))
\openout1 = `Thesis.aux'.

LaTeX Font Info:    Checking defaults for OML/cmm/m/it on input line 33.
LaTeX Font Info:    ... okay on input line 33.
LaTeX Font Info:    Checking defaults for OMS/cmsy/m/n on input line 33.
LaTeX Font Info:    ... okay on input line 33.
LaTeX Font Info:    Checking defaults for OT1/cmr/m/n on input line 33.
LaTeX Font Info:    ... okay on input line 33.
LaTeX Font Info:    Checking defaults for T1/cmr/m/n on input line 33.
LaTeX Font Info:    ... okay on input line 33.
LaTeX Font Info:    Checking defaults for TS1/cmr/m/n on input line 33.
LaTeX Font Info:    ... okay on input line 33.
LaTeX Font Info:    Checking defaults for OMX/cmex/m/n on input line 33.
LaTeX Font Info:    ... okay on input line 33.
LaTeX Font Info:    Checking defaults for U/cmr/m/n on input line 33.
LaTeX Font Info:    ... okay on input line 33.
LaTeX Font Info:    Checking defaults for PD1/pdf/m/n on input line 33.
LaTeX Font Info:    ... okay on input line 33.

("C:\Program Files\MiKTeX\tex/context/base/mkii\supp-pdf.mkii"
[Loading MPS to PDF converter (version 2006.09.02).]
\scratchcounter=\count274
\scratchdimen=\dimen155
\scratchbox=\box53
\nofMPsegments=\count275
\nofMParguments=\count276
\everyMPshowfont=\toks21
\MPscratchCnt=\count277
\MPscratchDim=\dimen156
\MPnumerator=\count278
\makeMPintoPDFobject=\count279
\everyMPtoPDFconversion=\toks22
) ("C:\Program Files\MiKTeX\tex/latex/epstopdf-pkg\epstopdf-base.sty"
Package: epstopdf-base 2020-01-24 v2.11 Base part for package epstopdf
Package epstopdf-base Info: Redefining graphics rule for `.eps' on input line 4
85.
)
Package hyperref Info: Link coloring OFF on input line 33.

("C:\Program Files\MiKTeX\tex/latex/hyperref\nameref.sty"
Package: nameref 2019/09/16 v2.46 Cross-referencing by name of section

("C:\Program Files\MiKTeX\tex/latex/refcount\refcount.sty"
Package: refcount 2019/12/15 v3.6 Data extraction from label references (HO)
)
("C:\Program Files\MiKTeX\tex/generic/gettitlestring\gettitlestring.sty"
Package: gettitlestring 2019/12/15 v1.6 Cleanup title references (HO)
)
\c@section@level=\count280
)
LaTeX Info: Redefining \ref on input line 33.
LaTeX Info: Redefining \pageref on input line 33.
LaTeX Info: Redefining \nameref on input line 33.

(Thesis.out) (Thesis.out)
\@outlinefile=\write5
\openout5 = `Thesis.out'.

Package caption Info: Begin \AtBeginDocument code.
Package caption Info: End \AtBeginDocument code.
<style/unilogo.pdf, id=211, 142.5325pt x 42.1575pt>
File: style/unilogo.pdf Graphic file (type pdf)
<use style/unilogo.pdf>
Package pdftex.def Info: style/unilogo.pdf  used on input line 38.
(pdftex.def)             Requested size: 220.50885pt x 65.22119pt.
LaTeX Font Info:    Trying to load font information for T1+phv on input line 38
.
 ("C:\Program Files\MiKTeX\tex/latex/psnfss\t1phv.fd"
File: t1phv.fd 2020/03/25 scalable font definitions for T1/phv.
) [1


{C:/Users/CanonVan/AppData/Local/MiKTeX/pdftex/config/pdftex.map} <./style/unil
ogo.pdf>] (content/abstract.tex) [1

] [2

] (Thesis.toc
LaTeX Font Info:    External font `cmex10' loaded for size
(Font)              <10.95> on input line 3.
LaTeX Font Info:    External font `cmex10' loaded for size
(Font)              <8> on input line 3.
LaTeX Font Info:    External font `cmex10' loaded for size
(Font)              <6> on input line 3.
LaTeX Font Info:    Trying to load font information for TS1+ptm on input line 2
4.

("C:\Program Files\MiKTeX\tex/latex/psnfss\ts1ptm.fd"
File: ts1ptm.fd 2001/06/04 font definitions for TS1/ptm.
) [3]
LaTeX Font Info:    Trying to load font information for T1+pcr on input line 40
.

("C:\Program Files\MiKTeX\tex/latex/psnfss\t1pcr.fd"
File: t1pcr.fd 2001/06/04 font definitions for T1/pcr.
))
\tf@toc=\write6
\openout6 = `Thesis.toc'.

 [4]
\openout2 = `content/kapitel1/0_motivation.aux'.


(content/kapitel1/0_motivation.tex

LaTeX Warning: Citation `BScInf:2020' on page 1 undefined on input line 6.


Underfull \hbox (badness 10000) in paragraph at lines 4--7

 []


LaTeX Warning: Citation `Boles:2015' on page 1 undefined on input line 8.


Underfull \hbox (badness 10000) in paragraph at lines 8--9

 []


LaTeX Warning: Citation `SpeInf:2020' on page 1 undefined on input line 10.


LaTeX Warning: Citation `Boles:2015' on page 1 undefined on input line 11.


Overfull \hbox (10.4891pt too wide) in paragraph at lines 10--12
\T1/ptm/m/n/10.95 mal in ver-schie-de-ne Ver-tie-fungs-rich-tun-gen un-ter-teil
. Ins-ge-samt gibt es zur Zeit sieb-zehn Abteilungen[[]].
 []


Underfull \hbox (badness 10000) in paragraph at lines 10--12

 []

)
Underfull \hbox (badness 10000) in paragraph at lines 15--59

 []

[1



]
\openout2 = `content/kapitel1/1_problembeschreibung.aux'.

 (content/kapitel1/1_problembeschreibung.tex
Underfull \hbox (badness 10000) in paragraph at lines 2--4

 []


LaTeX Warning: Citation `EHS:2020' on page 2 undefined on input line 5.


Underfull \hbox (badness 10000) in paragraph at lines 5--7

 []

) [2



]
\openout2 = `content/kapitel1/2_stand.aux'.

 (content/kapitel1/2_stand.tex) [3



]
\openout2 = `content/kapitel1/3_aufgabenstellung.aux'.


(content/kapitel1/3_aufgabenstellung.tex) [4



]
\openout2 = `content/kapitel2/0_ausgangssituation.aux'.


(content/kapitel2/0_ausgangssituation.tex) [5




]
\openout2 = `content/kapitel2/1_struktur.aux'.

 (content/kapitel2/1_struktur.tex) [6



] [7]
\openout2 = `content/kapitel2/2_technische_grundlagen.aux'.

 (content/kapitel2/2_technische_grundlagen.tex
Overfull \hbox (2.05705pt too wide) in paragraph at lines 19--21
\T1/ptm/m/n/10.95 mög-licht. Der Na-me ist ein Akro-nym: \T1/ptm/b/n/10.95 X \T
1/ptm/m/n/10.95 (für ei-nes der ver-schie-de-nen Be-triebs-sys-te-me cross-plat
form),
 []


Underfull \vbox (badness 10000) has occurred while \output is active []

 [8



])
[9]
\openout2 = `content/kapitel2/3_LMS.aux'.

 (content/kapitel2/3_LMS.tex) [10



]
\openout2 = `content/kapitel2/4_studip.aux'.

 (content/kapitel2/4_studip.tex) [11



]
\openout2 = `content/kapitel3/0_anforderungsanalyse.aux'.


(content/kapitel3/0_anforderungsanalyse.tex [12




]) [13]
\openout2 = `content/kapitel3/1_umfrage.aux'.


(content/kapitel3/1_umfrage.tex) [14



]
\openout2 = `content/kapitel3/2_user_stories.aux'.

 (content/kapitel3/2_user_stories.tex)
[15



]
\openout2 = `content/kapitel3/3_F_anforderungen.aux'.

 (content/kapitel3/3_F_anforderungen.tex) [16



]
\openout2 = `content/kapitel3/4_NF_anforderungen.aux'.


(content/kapitel3/4_NF_anforderungen.tex) [17



]
\openout2 = `content/kapitel3/5_suchkriterien.aux'.


(content/kapitel3/5_suchkriterien.tex) [18



]
\openout2 = `content/kapitel3/6_modellierung.aux'.


(content/kapitel3/6_modellierung.tex) [19



]
\openout2 = `content/kapitel4/0_entwurf_implement.aux'.


(content/kapitel4/0_entwurf_implement.tex [20




]) [21]
\openout2 = `content/kapitel4/1_entscheidung.aux'.


(content/kapitel4/1_entscheidung.tex) [22



]
\openout2 = `content/kapitel4/2_entwurf.aux'.

 (content/kapitel4/2_entwurf.tex)
[23



]
\openout2 = `content/kapitel4/3_implementierung.aux'.

 (content/kapitel4/3_implementierung.tex) [24



]
\openout2 = `content/kapitel4/4_tests.aux'.


(content/kapitel4/4_tests.tex) [25



]
\openout2 = `content/kapitel4/5_ergebnisse.aux'.

 (content/kapitel4/5_ergebnisse.tex)
[26



]
\openout2 = `content/content.aux'.

 (content/content.tex
Overfull \hbox (2.25612pt too wide) in paragraph at lines 19--25
\T1/ptm/m/n/10.95 Hauptdokument, das die Do-ku-men-ten-klas-se \T1/pcr/m/n/10.9
5 book\T1/ptm/m/n/10.95 , ei-ne \T1/pcr/m/n/10.95 11pt\T1/ptm/m/n/10.95 -Schrif
t so-wie die Blatt-grö-ÿe \T1/pcr/m/n/10.95 a4paper
 []

LaTeX Font Info:    Font shape `T1/phv/m/it' in size <10.95> not available
(Font)              Font shape `T1/phv/m/sl' tried instead on input line 54.
[27




]
File: style/unilogo.pdf Graphic file (type pdf)
<use style/unilogo.pdf>
Package pdftex.def Info: style/unilogo.pdf  used on input line 102.
(pdftex.def)             Requested size: 142.53214pt x 42.15738pt.
 [28]
Underfull \vbox (badness 1342) has occurred while \output is active []

 [29]
[30] [31] [32

] [33]) [34] (content/glossar.tex) [35




] [36

]
(content/abkuerzungen.tex [37

]) [38] (Thesis.lof)
\tf@lof=\write7
\openout7 = `Thesis.lof'.

 [39


] [40

] (Thesis.bbl)
[41

] [42

] (content/index.tex [43


]) [44


] [45

] (Thesis.aux
(content/kapitel1/0_motivation.aux) (content/kapitel1/1_problembeschreibung.aux
) (content/kapitel1/2_stand.aux) (content/kapitel1/3_aufgabenstellung.aux)
(content/kapitel2/0_ausgangssituation.aux) (content/kapitel2/1_struktur.aux)
(content/kapitel2/2_technische_grundlagen.aux) (content/kapitel2/3_LMS.aux)
(content/kapitel2/4_studip.aux) (content/kapitel3/0_anforderungsanalyse.aux)
(content/kapitel3/1_umfrage.aux) (content/kapitel3/2_user_stories.aux)
(content/kapitel3/3_F_anforderungen.aux)
(content/kapitel3/4_NF_anforderungen.aux) (content/kapitel3/5_suchkriterien.aux
) (content/kapitel3/6_modellierung.aux)
(content/kapitel4/0_entwurf_implement.aux) (content/kapitel4/1_entscheidung.aux
) (content/kapitel4/2_entwurf.aux) (content/kapitel4/3_implementierung.aux)
(content/kapitel4/4_tests.aux) (content/kapitel4/5_ergebnisse.aux)
(content/content.aux))

Package rerunfilecheck Warning: File `Thesis.out' has changed.
(rerunfilecheck)                Rerun to get outlines right
(rerunfilecheck)                or use package `bookmark'.

Package rerunfilecheck Info: Checksums for `Thesis.out':
(rerunfilecheck)             Before: 3BE5BFD5950B9D2AA7EF67FA10295377;3491
(rerunfilecheck)             After:  304ACF90F7C56B23E3271B577F558E81;3483.

LaTeX Warning: There were undefined references.

 ) 
Here is how much of TeX's memory you used:
 8967 strings out of 479799
 148671 string characters out of 2879590
 463661 words of memory out of 3000000
 25461 multiletter control sequences out of 15000+200000
 596999 words of font info for 83 fonts, out of 3000000 for 9000
 1141 hyphenation exceptions out of 8191
 67i,12n,74p,696b,523s stack positions out of 5000i,500n,10000p,200000b,50000s
{C:/Program Files/MiKTeX/fonts/enc/dvips/base/8r.enc}<C:/Program Files/MiKTeX
/fonts/type1/public/amsfonts/cm/cmr8.pfb><C:/Program Files/MiKTeX/fonts/type1/p
ublic/amsfonts/cm/cmsy10.pfb><C:/Program Files/MiKTeX/fonts/type1/urw/courier/u
crb8a.pfb><C:/Program Files/MiKTeX/fonts/type1/urw/courier/ucrr8a.pfb><C:/Progr
am Files/MiKTeX/fonts/type1/urw/helvetic/uhvb8a.pfb><C:/Program Files/MiKTeX/fo
nts/type1/urw/helvetic/uhvr8a.pfb><C:/Program Files/MiKTeX/fonts/type1/urw/helv
etic/uhvro8a.pfb><C:/Program Files/MiKTeX/fonts/type1/urw/times/utmb8a.pfb><C:/
Program Files/MiKTeX/fonts/type1/urw/times/utmr8a.pfb><C:/Program Files/MiKTeX/
fonts/type1/urw/times/utmri8a.pfb>
Output written on Thesis.pdf (50 pages, 233271 bytes).
PDF statistics:
 597 PDF objects out of 1000 (max. 8388607)
 128 named destinations out of 1000 (max. 500000)
 422 words of extra memory for PDF output out of 10000 (max. 10000000)

